<?xml version="1.0" encoding="UTF-8"?>
<!-- Generated by org.testng.reporters.JUnitReportReporter -->
<testsuite hostname="IQZNGLDT011" failures="0" tests="4" name="Package_Demo.Pega_login" time="22.706" errors="0" timestamp="2021-11-29T15:27:05 IST" skipped="0">
  <testcase classname="Package_Demo.Pega_login" name="click_login" time="19.672"/>
  <system-out/>
  <testcase classname="Package_Demo.Pega_login" name="launch_app" time="2.697"/>
  <system-out/>
  <testcase classname="Package_Demo.Pega_login" name="enter_user" time="0.198"/>
  <system-out/>
  <testcase classname="Package_Demo.Pega_login" name="enter_password" time="0.139"/>
  <system-out/>
</testsuite> <!-- Package_Demo.Pega_login -->
