<?xml version="1.0" encoding="UTF-8"?>
<!-- Generated by org.testng.reporters.JUnitReportReporter -->
<testsuite hostname="IQZNGLDT011" failures="0" tests="5" name="packagepega.pegalogin_1" time="138.109" errors="0" timestamp="2021-11-25T16:46:12 IST" skipped="0">
  <testcase classname="packagepega.pegalogin_1" name="enter_pswd" time="5.233"/>
  <system-out/>
  <testcase classname="packagepega.pegalogin_1" name="enter_user" time="5.250"/>
  <system-out/>
  <testcase classname="packagepega.pegalogin_1" name="get_title" time="5.050"/>
  <system-out/>
  <testcase classname="packagepega.pegalogin_1" name="launch_app" time="14.827"/>
  <system-out/>
  <testcase classname="packagepega.pegalogin_1" name="clicklogin" time="107.749"/>
  <system-out/>
</testsuite> <!-- packagepega.pegalogin_1 -->
