<?xml version="1.0" encoding="UTF-8"?>
<!-- Generated by org.testng.reporters.JUnitReportReporter -->
<testsuite hostname="IQZNGLDT011" failures="0" tests="4" name="package_demo.crossbrowser_chrome" time="62.529" errors="0" timestamp="2021-11-22T16:52:15 IST" skipped="0">
  <testcase classname="package_demo.crossbrowser_chrome" name="testgoogle" time="18.097"/>
  <system-out/>
  <testcase classname="package_demo.crossbrowser_chrome" name="testgoogle" time="15.980"/>
  <system-out/>
  <testcase classname="package_demo.crossbrowser_chrome" name="testyahoo" time="10.349"/>
  <system-out/>
  <testcase classname="package_demo.crossbrowser_chrome" name="testyahoo" time="18.103"/>
  <system-out/>
</testsuite> <!-- package_demo.crossbrowser_chrome -->
