<?xml version="1.0" encoding="UTF-8"?>
<!-- Generated by org.testng.reporters.JUnitReportReporter -->
<testsuite hostname="IQZNGLDT011" failures="0" tests="3" name="Demo.Cross_Browser" time="50.589" errors="0" timestamp="2021-11-25T23:09:31 IST" skipped="0">
  <testcase classname="Demo.Cross_Browser" name="test1" time="18.420"/>
  <system-out/>
  <testcase classname="Demo.Cross_Browser" name="test1" time="14.057"/>
  <system-out/>
  <testcase classname="Demo.Cross_Browser" name="test1" time="18.112"/>
  <system-out/>
</testsuite> <!-- Demo.Cross_Browser -->
